	Command being timed: "ganal -l ../../inputs/crystal_ligand.mol2 -r ../../inputs/receptor_clean.pdb"
	User time (seconds): 1.22
	System time (seconds): 0.10
	Percent of CPU this job got: 94%
	Elapsed (wall clock) time (h:mm:ss or m:ss): 0:01.40
	Average shared text size (kbytes): 0
	Average unshared data size (kbytes): 0
	Average stack size (kbytes): 0
	Average total size (kbytes): 0
	Maximum resident set size (kbytes): 272284
	Average resident set size (kbytes): 0
	Major (requiring I/O) page faults: 1
	Minor (reclaiming a frame) page faults: 40193
	Voluntary context switches: 135
	Involuntary context switches: 211
	Swaps: 0
	File system inputs: 392
	File system outputs: 416
	Socket messages sent: 0
	Socket messages received: 0
	Signals delivered: 0
	Page size (bytes): 4096
	Exit status: 0
