	Command being timed: "gscreen -j32 -p ../ganal/ganal.json -l ../../inputs/crystal_ligand.mol2 ../../inputs/actives_final_corina_addchg.mol2 ../../inputs/decoys_final_corina_addchg.mol2"
	User time (seconds): 396.21
	System time (seconds): 8.19
	Percent of CPU this job got: 2698%
	Elapsed (wall clock) time (h:mm:ss or m:ss): 0:14.98
	Average shared text size (kbytes): 0
	Average unshared data size (kbytes): 0
	Average stack size (kbytes): 0
	Average total size (kbytes): 0
	Maximum resident set size (kbytes): 163724
	Average resident set size (kbytes): 0
	Major (requiring I/O) page faults: 651
	Minor (reclaiming a frame) page faults: 2867208
	Voluntary context switches: 7914
	Involuntary context switches: 14958
	Swaps: 0
	File system inputs: 88
	File system outputs: 161672
	Socket messages sent: 0
	Socket messages received: 0
	Signals delivered: 0
	Page size (bytes): 4096
	Exit status: 0
